# JRE version: OpenJDK Runtime Environment Temurin-21.0.7+6 (21.0.7+6) (build 21.0.7+6-LTS)
# Java VM: OpenJDK 64-Bit Server VM Temurin-21.0.7+6 (21.0.7+6-LTS, mixed mode, sharing, tiered, compressed oops, compressed class ptrs, parallel gc, windows-amd64)
GC Precious Log:
 CardTable entry size: 512
 CPUs: 8 total, 8 available
 Memory: 6090M
 Large Page Support: Disabled
 NUMA Support: Disabled
 Compressed Oops: Enabled (32-bit)
 Alignments: Space 512K, Generation 512K, Heap 2M
 Heap Min Capacity: 100M
 Heap Initial Capacity: 100M
 Heap Max Capacity: 1G
 Pre-touch: Disabled
 Parallel Workers: 8
Heap:
 PSYoungGen      total 18944K, used 17432K [0x00000000eab00000, 0x00000000ec100000, 0x0000000100000000)
  eden space 17920K, 94% used [0x00000000eab00000,0x00000000ebb83670,0x00000000ebc80000)
  from space 1024K, 51% used [0x00000000ec000000,0x00000000ec082bf8,0x00000000ec100000)
  to   space 1536K, 0% used [0x00000000ebe00000,0x00000000ebe00000,0x00000000ebf80000)
 ParOldGen       total 68608K, used 34979K [0x00000000c0000000, 0x00000000c4300000, 0x00000000eab00000)
  object space 68608K, 50% used [0x00000000c0000000,0x00000000c2228d78,0x00000000c4300000)
 Metaspace       used 42531K, committed 43520K, reserved 1114112K
  class space    used 4190K, committed 4608K, reserved 1048576K
GC Heap History (20 events):
Event: 23.190 GC heap before
{Heap before GC invocations=15 (full 2):
 PSYoungGen      total 24576K, used 24128K [0x00000000eab00000, 0x00000000ec800000, 0x0000000100000000)
  eden space 22528K, 100% used [0x00000000eab00000,0x00000000ec100000,0x00000000ec100000)
  from space 2048K, 78% used [0x00000000ec600000,0x00000000ec790030,0x00000000ec800000)
  to   space 2048K, 0% used [0x00000000ec400000,0x00000000ec400000,0x00000000ec600000)
 ParOldGen       total 68608K, used 16017K [0x00000000c0000000, 0x00000000c4300000, 0x00000000eab00000)
  object space 68608K, 23% used [0x00000000c0000000,0x00000000c0fa46d0,0x00000000c4300000)
 Metaspace       used 35622K, committed 36544K, reserved 1114112K
  class space    used 3594K, committed 3968K, reserved 1048576K
}
Event: 23.194 GC heap after
{Heap after GC invocations=15 (full 2):
 PSYoungGen      total 24064K, used 1824K [0x00000000eab00000, 0x00000000ec680000, 0x0000000100000000)
  eden space 22016K, 0% used [0x00000000eab00000,0x00000000eab00000,0x00000000ec080000)
  from space 2048K, 89% used [0x00000000ec400000,0x00000000ec5c8010,0x00000000ec600000)
  to   space 512K, 0% used [0x00000000ec600000,0x00000000ec600000,0x00000000ec680000)
 ParOldGen       total 68608K, used 17446K [0x00000000c0000000, 0x00000000c4300000, 0x00000000eab00000)
  object space 68608K, 25% used [0x00000000c0000000,0x00000000c1109a58,0x00000000c4300000)
 Metaspace       used 35622K, committed 36544K, reserved 1114112K
  class space    used 3594K, committed 3968K, reserved 1048576K
}
Event: 23.373 GC heap before
{Heap before GC invocations=16 (full 2):
 PSYoungGen      total 24064K, used 23840K [0x00000000eab00000, 0x00000000ec680000, 0x0000000100000000)
  eden space 22016K, 100% used [0x00000000eab00000,0x00000000ec080000,0x00000000ec080000)
  from space 2048K, 89% used [0x00000000ec400000,0x00000000ec5c8010,0x00000000ec600000)
  to   space 512K, 0% used [0x00000000ec600000,0x00000000ec600000,0x00000000ec680000)
 ParOldGen       total 68608K, used 17446K [0x00000000c0000000, 0x00000000c4300000, 0x00000000eab00000)
  object space 68608K, 25% used [0x00000000c0000000,0x00000000c1109a58,0x00000000c4300000)
 Metaspace       used 36321K, committed 37248K, reserved 1114112K
  class space    used 3673K, committed 4096K, reserved 1048576K
}
Event: 23.377 GC heap after
{Heap after GC invocations=16 (full 2):
 PSYoungGen      total 22528K, used 482K [0x00000000eab00000, 0x00000000ec980000, 0x0000000100000000)
  eden space 22016K, 0% used [0x00000000eab00000,0x00000000eab00000,0x00000000ec080000)
  from space 512K, 94% used [0x00000000ec600000,0x00000000ec678820,0x00000000ec680000)
  to   space 4608K, 0% used [0x00000000ec080000,0x00000000ec080000,0x00000000ec500000)
 ParOldGen       total 68608K, used 20829K [0x00000000c0000000, 0x00000000c4300000, 0x00000000eab00000)
  object space 68608K, 30% used [0x00000000c0000000,0x00000000c1457628,0x00000000c4300000)
 Metaspace       used 36321K, committed 37248K, reserved 1114112K
  class space    used 3673K, committed 4096K, reserved 1048576K
}
Event: 23.465 GC heap before
{Heap before GC invocations=17 (full 2):
 PSYoungGen      total 22528K, used 22498K [0x00000000eab00000, 0x00000000ec980000, 0x0000000100000000)
  eden space 22016K, 100% used [0x00000000eab00000,0x00000000ec080000,0x00000000ec080000)
  from space 512K, 94% used [0x00000000ec600000,0x00000000ec678820,0x00000000ec680000)
  to   space 4608K, 0% used [0x00000000ec080000,0x00000000ec080000,0x00000000ec500000)
 ParOldGen       total 68608K, used 20829K [0x00000000c0000000, 0x00000000c4300000, 0x00000000eab00000)
  object space 68608K, 30% used [0x00000000c0000000,0x00000000c1457628,0x00000000c4300000)
 Metaspace       used 36494K, committed 37440K, reserved 1114112K
  class space    used 3687K, committed 4096K, reserved 1048576K
}
Event: 23.469 GC heap after
{Heap after GC invocations=17 (full 2):
 PSYoungGen      total 24064K, used 2048K [0x00000000eab00000, 0x00000000ec680000, 0x0000000100000000)
  eden space 22016K, 0% used [0x00000000eab00000,0x00000000eab00000,0x00000000ec080000)
  from space 2048K, 100% used [0x00000000ec080000,0x00000000ec280000,0x00000000ec280000)
  to   space 3072K, 0% used [0x00000000ec380000,0x00000000ec380000,0x00000000ec680000)
 ParOldGen       total 68608K, used 21339K [0x00000000c0000000, 0x00000000c4300000, 0x00000000eab00000)
  object space 68608K, 31% used [0x00000000c0000000,0x00000000c14d6fc8,0x00000000c4300000)
 Metaspace       used 36494K, committed 37440K, reserved 1114112K
  class space    used 3687K, committed 4096K, reserved 1048576K
}
Event: 23.538 GC heap before
{Heap before GC invocations=18 (full 2):
 PSYoungGen      total 24064K, used 24064K [0x00000000eab00000, 0x00000000ec680000, 0x0000000100000000)
  eden space 22016K, 100% used [0x00000000eab00000,0x00000000ec080000,0x00000000ec080000)
  from space 2048K, 100% used [0x00000000ec080000,0x00000000ec280000,0x00000000ec280000)
  to   space 3072K, 0% used [0x00000000ec380000,0x00000000ec380000,0x00000000ec680000)
 ParOldGen       total 68608K, used 21339K [0x00000000c0000000, 0x00000000c4300000, 0x00000000eab00000)
  object space 68608K, 31% used [0x00000000c0000000,0x00000000c14d6fc8,0x00000000c4300000)
 Metaspace       used 36575K, committed 37504K, reserved 1114112K
  class space    used 3702K, committed 4096K, reserved 1048576K
}
Event: 23.542 GC heap after
{Heap after GC invocations=18 (full 2):
 PSYoungGen      total 24064K, used 1956K [0x00000000eab00000, 0x00000000ec580000, 0x0000000100000000)
  eden space 22016K, 0% used [0x00000000eab00000,0x00000000eab00000,0x00000000ec080000)
  from space 2048K, 95% used [0x00000000ec380000,0x00000000ec569010,0x00000000ec580000)
  to   space 2560K, 0% used [0x00000000ec080000,0x00000000ec080000,0x00000000ec300000)
 ParOldGen       total 68608K, used 23234K [0x00000000c0000000, 0x00000000c4300000, 0x00000000eab00000)
  object space 68608K, 33% used [0x00000000c0000000,0x00000000c16b0978,0x00000000c4300000)
 Metaspace       used 36575K, committed 37504K, reserved 1114112K
  class space    used 3702K, committed 4096K, reserved 1048576K
}
Event: 23.613 GC heap before
{Heap before GC invocations=19 (full 2):
 PSYoungGen      total 24064K, used 23972K [0x00000000eab00000, 0x00000000ec580000, 0x0000000100000000)
  eden space 22016K, 100% used [0x00000000eab00000,0x00000000ec080000,0x00000000ec080000)
  from space 2048K, 95% used [0x00000000ec380000,0x00000000ec569010,0x00000000ec580000)
  to   space 2560K, 0% used [0x00000000ec080000,0x00000000ec080000,0x00000000ec300000)
 ParOldGen       total 68608K, used 23234K [0x00000000c0000000, 0x00000000c4300000, 0x00000000eab00000)
  object space 68608K, 33% used [0x00000000c0000000,0x00000000c16b0978,0x00000000c4300000)
 Metaspace       used 36778K, committed 37696K, reserved 1114112K
  class space    used 3718K, committed 4096K, reserved 1048576K
}
Event: 23.616 GC heap after
{Heap after GC invocations=19 (full 2):
 PSYoungGen      total 24576K, used 2080K [0x00000000eab00000, 0x00000000ec580000, 0x0000000100000000)
  eden space 22016K, 0% used [0x00000000eab00000,0x00000000eab00000,0x00000000ec080000)
  from space 2560K, 81% used [0x00000000ec080000,0x00000000ec288020,0x00000000ec300000)
  to   space 2560K, 0% used [0x00000000ec300000,0x00000000ec300000,0x00000000ec580000)
 ParOldGen       total 68608K, used 24968K [0x00000000c0000000, 0x00000000c4300000, 0x00000000eab00000)
  object space 68608K, 36% used [0x00000000c0000000,0x00000000c1862190,0x00000000c4300000)
 Metaspace       used 36778K, committed 37696K, reserved 1114112K
  class space    used 3718K, committed 4096K, reserved 1048576K
}
Event: 23.736 GC heap before
{Heap before GC invocations=20 (full 2):
 PSYoungGen      total 24576K, used 24096K [0x00000000eab00000, 0x00000000ec580000, 0x0000000100000000)
  eden space 22016K, 100% used [0x00000000eab00000,0x00000000ec080000,0x00000000ec080000)
  from space 2560K, 81% used [0x00000000ec080000,0x00000000ec288020,0x00000000ec300000)
  to   space 2560K, 0% used [0x00000000ec300000,0x00000000ec300000,0x00000000ec580000)
 ParOldGen       total 68608K, used 24968K [0x00000000c0000000, 0x00000000c4300000, 0x00000000eab00000)
  object space 68608K, 36% used [0x00000000c0000000,0x00000000c1862190,0x00000000c4300000)
 Metaspace       used 37101K, committed 38016K, reserved 1114112K
  class space    used 3755K, committed 4160K, reserved 1048576K
}
Event: 23.740 GC heap after
{Heap after GC invocations=20 (full 2):
 PSYoungGen      total 24064K, used 2509K [0x00000000eab00000, 0x00000000ec680000, 0x0000000100000000)
  eden space 21504K, 0% used [0x00000000eab00000,0x00000000eab00000,0x00000000ec000000)
  from space 2560K, 98% used [0x00000000ec300000,0x00000000ec573510,0x00000000ec580000)
  to   space 3072K, 0% used [0x00000000ec000000,0x00000000ec000000,0x00000000ec300000)
 ParOldGen       total 68608K, used 26888K [0x00000000c0000000, 0x00000000c4300000, 0x00000000eab00000)
  object space 68608K, 39% used [0x00000000c0000000,0x00000000c1a421a0,0x00000000c4300000)
 Metaspace       used 37101K, committed 38016K, reserved 1114112K
  class space    used 3755K, committed 4160K, reserved 1048576K
}
Event: 23.829 GC heap before
{Heap before GC invocations=21 (full 2):
 PSYoungGen      total 24064K, used 24013K [0x00000000eab00000, 0x00000000ec680000, 0x0000000100000000)
  eden space 21504K, 100% used [0x00000000eab00000,0x00000000ec000000,0x00000000ec000000)
  from space 2560K, 98% used [0x00000000ec300000,0x00000000ec573510,0x00000000ec580000)
  to   space 3072K, 0% used [0x00000000ec000000,0x00000000ec000000,0x00000000ec300000)
 ParOldGen       total 68608K, used 26888K [0x00000000c0000000, 0x00000000c4300000, 0x00000000eab00000)
  object space 68608K, 39% used [0x00000000c0000000,0x00000000c1a421a0,0x00000000c4300000)
 Metaspace       used 37660K, committed 38656K, reserved 1114112K
  class space    used 3802K, committed 4224K, reserved 1048576K
}
Event: 23.838 GC heap after
{Heap after GC invocations=21 (full 2):
 PSYoungGen      total 23552K, used 1784K [0x00000000eab00000, 0x00000000ec500000, 0x0000000100000000)
  eden space 21504K, 0% used [0x00000000eab00000,0x00000000eab00000,0x00000000ec000000)
  from space 2048K, 87% used [0x00000000ec000000,0x00000000ec1be200,0x00000000ec200000)
  to   space 2560K, 0% used [0x00000000ec280000,0x00000000ec280000,0x00000000ec500000)
 ParOldGen       total 68608K, used 29229K [0x00000000c0000000, 0x00000000c4300000, 0x00000000eab00000)
  object space 68608K, 42% used [0x00000000c0000000,0x00000000c1c8b6c0,0x00000000c4300000)
 Metaspace       used 37660K, committed 38656K, reserved 1114112K
  class space    used 3802K, committed 4224K, reserved 1048576K
}
Event: 23.986 GC heap before
{Heap before GC invocations=22 (full 2):
 PSYoungGen      total 23552K, used 23288K [0x00000000eab00000, 0x00000000ec500000, 0x0000000100000000)
  eden space 21504K, 100% used [0x00000000eab00000,0x00000000ec000000,0x00000000ec000000)
  from space 2048K, 87% used [0x00000000ec000000,0x00000000ec1be200,0x00000000ec200000)
  to   space 2560K, 0% used [0x00000000ec280000,0x00000000ec280000,0x00000000ec500000)
 ParOldGen       total 68608K, used 29229K [0x00000000c0000000, 0x00000000c4300000, 0x00000000eab00000)
  object space 68608K, 42% used [0x00000000c0000000,0x00000000c1c8b6c0,0x00000000c4300000)
 Metaspace       used 38145K, committed 39104K, reserved 1114112K
  class space    used 3831K, committed 4224K, reserved 1048576K
}
Event: 23.993 GC heap after
{Heap after GC invocations=22 (full 2):
 PSYoungGen      total 20480K, used 2555K [0x00000000eab00000, 0x00000000ecc00000, 0x0000000100000000)
  eden space 17920K, 0% used [0x00000000eab00000,0x00000000eab00000,0x00000000ebc80000)
  from space 2560K, 99% used [0x00000000ec280000,0x00000000ec4fece0,0x00000000ec500000)
  to   space 6144K, 0% used [0x00000000ebc80000,0x00000000ebc80000,0x00000000ec280000)
 ParOldGen       total 68608K, used 32001K [0x00000000c0000000, 0x00000000c4300000, 0x00000000eab00000)
  object space 68608K, 46% used [0x00000000c0000000,0x00000000c1f40760,0x00000000c4300000)
 Metaspace       used 38145K, committed 39104K, reserved 1114112K
  class space    used 3831K, committed 4224K, reserved 1048576K
}
Event: 24.060 GC heap before
{Heap before GC invocations=23 (full 2):
 PSYoungGen      total 20480K, used 20475K [0x00000000eab00000, 0x00000000ecc00000, 0x0000000100000000)
  eden space 17920K, 100% used [0x00000000eab00000,0x00000000ebc80000,0x00000000ebc80000)
  from space 2560K, 99% used [0x00000000ec280000,0x00000000ec4fece0,0x00000000ec500000)
  to   space 6144K, 0% used [0x00000000ebc80000,0x00000000ebc80000,0x00000000ec280000)
 ParOldGen       total 68608K, used 32001K [0x00000000c0000000, 0x00000000c4300000, 0x00000000eab00000)
  object space 68608K, 46% used [0x00000000c0000000,0x00000000c1f40760,0x00000000c4300000)
 Metaspace       used 38163K, committed 39104K, reserved 1114112K
  class space    used 3831K, committed 4224K, reserved 1048576K
}
Event: 24.065 GC heap after
{Heap after GC invocations=23 (full 2):
 PSYoungGen      total 19456K, used 1257K [0x00000000eab00000, 0x00000000ec300000, 0x0000000100000000)
  eden space 17920K, 0% used [0x00000000eab00000,0x00000000eab00000,0x00000000ebc80000)
  from space 1536K, 81% used [0x00000000ebc80000,0x00000000ebdba548,0x00000000ebe00000)
  to   space 3072K, 0% used [0x00000000ec000000,0x00000000ec000000,0x00000000ec300000)
 ParOldGen       total 68608K, used 34563K [0x00000000c0000000, 0x00000000c4300000, 0x00000000eab00000)
  object space 68608K, 50% used [0x00000000c0000000,0x00000000c21c0d78,0x00000000c4300000)
 Metaspace       used 38163K, committed 39104K, reserved 1114112K
  class space    used 3831K, committed 4224K, reserved 1048576K
}
Event: 24.449 GC heap before
{Heap before GC invocations=24 (full 2):
 PSYoungGen      total 19456K, used 19177K [0x00000000eab00000, 0x00000000ec300000, 0x0000000100000000)
  eden space 17920K, 100% used [0x00000000eab00000,0x00000000ebc80000,0x00000000ebc80000)
  from space 1536K, 81% used [0x00000000ebc80000,0x00000000ebdba548,0x00000000ebe00000)
  to   space 3072K, 0% used [0x00000000ec000000,0x00000000ec000000,0x00000000ec300000)
 ParOldGen       total 68608K, used 34563K [0x00000000c0000000, 0x00000000c4300000, 0x00000000eab00000)
  object space 68608K, 50% used [0x00000000c0000000,0x00000000c21c0d78,0x00000000c4300000)
 Metaspace       used 40819K, committed 41728K, reserved 1114112K
  class space    used 4033K, committed 4416K, reserved 1048576K
}
Event: 24.451 GC heap after
{Heap after GC invocations=24 (full 2):
 PSYoungGen      total 18944K, used 522K [0x00000000eab00000, 0x00000000ec100000, 0x0000000100000000)
  eden space 17920K, 0% used [0x00000000eab00000,0x00000000eab00000,0x00000000ebc80000)
  from space 1024K, 51% used [0x00000000ec000000,0x00000000ec082bf8,0x00000000ec100000)
  to   space 1536K, 0% used [0x00000000ebe00000,0x00000000ebe00000,0x00000000ebf80000)
 ParOldGen       total 68608K, used 34979K [0x00000000c0000000, 0x00000000c4300000, 0x00000000eab00000)
  object space 68608K, 50% used [0x00000000c0000000,0x00000000c2228d78,0x00000000c4300000)
 Metaspace       used 40819K, committed 41728K, reserved 1114112K
  class space    used 4033K, committed 4416K, reserved 1048576K
}

